<?xml version="1.0" encoding="UTF-8"?>
<!-- Generated by org.testng.reporters.JUnitReportReporter -->
<testsuite hostname="LokeshC2-BLD" name="com.tests.GooglePageTest" tests="1" failures="0" timestamp="6 Jul 2020 14:01:40 GMT" time="6.004" errors="0">
  <testcase name="verifyGooglePageTest" time="6.004" classname="com.tests.GooglePageTest"/>
</testsuite> <!-- com.tests.GooglePageTest -->
